=======================================================================
Array Job Start: array_N2_n96
=======================================================================
Array Job ID: 3257699
Array Task ID: 0
Job ID: 3257702
Hostname: c476-013.stampede3.tacc.utexas.edu
Start time: Mon Jun 29 10:22:10 PM CDT 2026
=======================================================================
Task 0: test0/N2_nopeak (nopeak)
-----------------------------------------------------------------------
Changing to: /scratch/11603/crw405/REU-HPC-Research/research_data/abinit/abinit-full-06292026-185720/test0/multi_node/N2_nopeak
Executing original job script...
-----------------------------------------------------------------------
[N2_nopeak]: ======================================================================
[N2_nopeak]: SLURM Job Start
[N2_nopeak]: ======================================================================
[N2_nopeak]: Job ID: 3257702
[N2_nopeak]: Configuration: N2_nopeak
[N2_nopeak]: Nodes: 2
[N2_nopeak]: MPI Tasks: 96
[N2_nopeak]: Tasks per node: 48
[N2_nopeak]: Test case: test0
[N2_nopeak]: PEAK profiling: nopeak
[N2_nopeak]: Start time: 2026-06-29 22:22:10
[N2_nopeak]: ======================================================================
[N2_nopeak]: Working directory: /scratch/11603/crw405/REU-HPC-Research/research_data/abinit/./abinit-full-06292026-185720/test0/multi_node/N2_nopeak
[N2_nopeak]: Loading modules...
[N2_nopeak]: Setting up library paths...
[N2_nopeak]: ======================================================================
[N2_nopeak]: Starting application run...
[N2_nopeak]: ======================================================================
[N2_nopeak]: Binary: /scratch/11603/crw405/2.project/1.build_scripts/2.apps/abinit/install/bin/abinit
[N2_nopeak]: Input: /scratch/11603/crw405/2.project/1.build_scripts/2.apps/abinit/abinit-10.4.7/tests/v1/Input/t00.abi
[N2_nopeak]: ======================================================================
[N2_nopeak]: Run completed
[N2_nopeak]: ======================================================================
[N2_nopeak]: Exit code: 0
[N2_nopeak]: End time: 2026-06-29 22:22:14
[N2_nopeak]: Elapsed time: 4 seconds (0h 0m 4s)
[N2_nopeak]: ======================================================================
[N2_nopeak]: Output files:
[N2_nopeak]:   Standard output: /scratch/11603/crw405/REU-HPC-Research/research_data/abinit/./abinit-full-06292026-185720/test0/multi_node/N2_nopeak/abinit.stdout
[N2_nopeak]:   Standard error: /scratch/11603/crw405/REU-HPC-Research/research_data/abinit/./abinit-full-06292026-185720/test0/multi_node/N2_nopeak/abinit.stderr
[N2_nopeak]: ======================================================================
=======================================================================
Array task 0 completed with exit code: 0
End time: Mon Jun 29 10:22:14 PM CDT 2026
=======================================================================
