=======================================================================
Array Job Start: array_N4_n192
=======================================================================
Array Job ID: 3257663
Array Task ID: 4
Job ID: 3257673
Hostname: c476-013.stampede3.tacc.utexas.edu
Start time: Mon Jun 29 10:06:55 PM CDT 2026
=======================================================================
Task 4: test2/N4_nopeak (nopeak)
-----------------------------------------------------------------------
Changing to: /scratch/11603/crw405/REU-HPC-Research/research_data/abinit/abinit-full-06292026-185720/test2/multi_node/N4_nopeak
Executing original job script...
-----------------------------------------------------------------------
[N4_nopeak]: ======================================================================
[N4_nopeak]: SLURM Job Start
[N4_nopeak]: ======================================================================
[N4_nopeak]: Job ID: 3257673
[N4_nopeak]: Configuration: N4_nopeak
[N4_nopeak]: Nodes: 4
[N4_nopeak]: MPI Tasks: 192
[N4_nopeak]: Tasks per node: 48
[N4_nopeak]: Test case: test2
[N4_nopeak]: PEAK profiling: nopeak
[N4_nopeak]: Start time: 2026-06-29 22:06:55
[N4_nopeak]: ======================================================================
[N4_nopeak]: Working directory: /scratch/11603/crw405/REU-HPC-Research/research_data/abinit/./abinit-full-06292026-185720/test2/multi_node/N4_nopeak
[N4_nopeak]: Loading modules...
[N4_nopeak]: Setting up library paths...
[N4_nopeak]: ======================================================================
[N4_nopeak]: Starting application run...
[N4_nopeak]: ======================================================================
[N4_nopeak]: Binary: /scratch/11603/crw405/2.project/1.build_scripts/2.apps/abinit/install/bin/abinit
[N4_nopeak]: Input: /scratch/11603/crw405/2.project/1.build_scripts/2.apps/abinit/abinit-10.4.7/tests/v1/Input/t02.abi
[N4_nopeak]: ======================================================================
[N4_nopeak]: Run completed
[N4_nopeak]: ======================================================================
[N4_nopeak]: Exit code: 0
[N4_nopeak]: End time: 2026-06-29 22:07:00
[N4_nopeak]: Elapsed time: 5 seconds (0h 0m 5s)
[N4_nopeak]: ======================================================================
[N4_nopeak]: Output files:
[N4_nopeak]:   Standard output: /scratch/11603/crw405/REU-HPC-Research/research_data/abinit/./abinit-full-06292026-185720/test2/multi_node/N4_nopeak/abinit.stdout
[N4_nopeak]:   Standard error: /scratch/11603/crw405/REU-HPC-Research/research_data/abinit/./abinit-full-06292026-185720/test2/multi_node/N4_nopeak/abinit.stderr
[N4_nopeak]: ======================================================================
=======================================================================
Array task 4 completed with exit code: 0
End time: Mon Jun 29 10:07:00 PM CDT 2026
=======================================================================
