=======================================================================
Array Job Start: array_N16_n768
=======================================================================
Array Job ID: 3257775
Array Task ID: 6
Job ID: 3258023
Hostname: c478-104.stampede3.tacc.utexas.edu
Start time: Tue Jun 30 01:08:52 AM CDT 2026
=======================================================================
Task 6: test3/N16_nopeak (nopeak)
-----------------------------------------------------------------------
Changing to: /scratch/11603/crw405/REU-HPC-Research/research_data/abinit/abinit-full-06292026-185720/test3/multi_node/N16_nopeak
Executing original job script...
-----------------------------------------------------------------------
[N16_nopeak]: ======================================================================
[N16_nopeak]: SLURM Job Start
[N16_nopeak]: ======================================================================
[N16_nopeak]: Job ID: 3258023
[N16_nopeak]: Configuration: N16_nopeak
[N16_nopeak]: Nodes: 16
[N16_nopeak]: MPI Tasks: 768
[N16_nopeak]: Tasks per node: 48
[N16_nopeak]: Test case: test3
[N16_nopeak]: PEAK profiling: nopeak
[N16_nopeak]: Start time: 2026-06-30 01:08:52
[N16_nopeak]: ======================================================================
[N16_nopeak]: Working directory: /scratch/11603/crw405/REU-HPC-Research/research_data/abinit/./abinit-full-06292026-185720/test3/multi_node/N16_nopeak
[N16_nopeak]: Loading modules...
[N16_nopeak]: Setting up library paths...
[N16_nopeak]: ======================================================================
[N16_nopeak]: Starting application run...
[N16_nopeak]: ======================================================================
[N16_nopeak]: Binary: /scratch/11603/crw405/2.project/1.build_scripts/2.apps/abinit/install/bin/abinit
[N16_nopeak]: Input: /scratch/11603/crw405/2.project/1.build_scripts/2.apps/abinit/abinit-10.4.7/tests/v1/Input/t03.abi
[N16_nopeak]: ======================================================================
[N16_nopeak]: Run completed
[N16_nopeak]: ======================================================================
[N16_nopeak]: Exit code: 0
[N16_nopeak]: End time: 2026-06-30 01:08:58
[N16_nopeak]: Elapsed time: 6 seconds (0h 0m 6s)
[N16_nopeak]: ======================================================================
[N16_nopeak]: Output files:
[N16_nopeak]:   Standard output: /scratch/11603/crw405/REU-HPC-Research/research_data/abinit/./abinit-full-06292026-185720/test3/multi_node/N16_nopeak/abinit.stdout
[N16_nopeak]:   Standard error: /scratch/11603/crw405/REU-HPC-Research/research_data/abinit/./abinit-full-06292026-185720/test3/multi_node/N16_nopeak/abinit.stderr
[N16_nopeak]: ======================================================================
=======================================================================
Array task 6 completed with exit code: 0
End time: Tue Jun 30 01:08:58 AM CDT 2026
=======================================================================
