=======================================================================
Array Job Start: array_N1_n8
=======================================================================
Array Job ID: 3257730
Array Task ID: 5
Job ID: 3257752
Hostname: c501-081.stampede3.tacc.utexas.edu
Start time: Mon Jun 29 10:42:26 PM CDT 2026
=======================================================================
Task 5: test2/n8_peak (peak)
-----------------------------------------------------------------------
Changing to: /scratch/11603/crw405/REU-HPC-Research/research_data/abinit/abinit-full-06292026-185720/test2/single_node/n8_peak
Executing original job script...
-----------------------------------------------------------------------
[n8_peak]: ======================================================================
[n8_peak]: SLURM Job Start
[n8_peak]: ======================================================================
[n8_peak]: Job ID: 3257752
[n8_peak]: Configuration: n8_peak
[n8_peak]: Nodes: 1
[n8_peak]: MPI Tasks: 8
[n8_peak]: Tasks per node: 8
[n8_peak]: Test case: test2
[n8_peak]: PEAK profiling: peak
[n8_peak]: Start time: 2026-06-29 22:42:26
[n8_peak]: ======================================================================
[n8_peak]: Working directory: /scratch/11603/crw405/REU-HPC-Research/research_data/abinit/./abinit-full-06292026-185720/test2/single_node/n8_peak
[n8_peak]: Loading modules...
[n8_peak]: Setting up library paths...
[n8_peak]: Configuring PEAK profiling...
[n8_peak]:   Target groups: BLAS,LAPACK,FFTW,PBLAS,ScaLAPACK
[n8_peak]:   Memory profiling: TRUE
[n8_peak]:   Stats output: /scratch/11603/crw405/REU-HPC-Research/research_data/abinit/./abinit-full-06292026-185720/test2/single_node/n8_peak/peak_stats-pXXXXX.csv
[n8_peak]:   Memory output: /scratch/11603/crw405/REU-HPC-Research/research_data/abinit/./abinit-full-06292026-185720/test2/single_node/n8_peak/peak_mem-pXXXXX.csv
[n8_peak]: ======================================================================
[n8_peak]: Starting application run...
[n8_peak]: ======================================================================
[n8_peak]: Binary: /scratch/11603/crw405/2.project/1.build_scripts/2.apps/abinit/install/bin/abinit
[n8_peak]: Input: /scratch/11603/crw405/2.project/1.build_scripts/2.apps/abinit/abinit-10.4.7/tests/v1/Input/t02.abi
[n8_peak]: ======================================================================
[n8_peak]: Run completed
[n8_peak]: ======================================================================
[n8_peak]: Exit code: 0
[n8_peak]: End time: 2026-06-29 22:47:58
[n8_peak]: Elapsed time: 332 seconds (0h 5m 32s)
[n8_peak]: ======================================================================
[n8_peak]: Output files:
[n8_peak]:   Standard output: /scratch/11603/crw405/REU-HPC-Research/research_data/abinit/./abinit-full-06292026-185720/test2/single_node/n8_peak/abinit.stdout
[n8_peak]:   Standard error: /scratch/11603/crw405/REU-HPC-Research/research_data/abinit/./abinit-full-06292026-185720/test2/single_node/n8_peak/abinit.stderr
[n8_peak]:   PEAK outputs:
-rw------- 1 crw405 G-819066 6.4M Jun 29 22:47 /scratch/11603/crw405/REU-HPC-Research/research_data/abinit/./abinit-full-06292026-185720/test2/single_node/n8_peak/peak_mem-r0-p871453.csv
-rw------- 1 crw405 G-819066 2.6M Jun 29 22:44 /scratch/11603/crw405/REU-HPC-Research/research_data/abinit/./abinit-full-06292026-185720/test2/single_node/n8_peak/peak_mem-r1-p871454.csv
-rw------- 1 crw405 G-819066 1.9M Jun 29 22:44 /scratch/11603/crw405/REU-HPC-Research/research_data/abinit/./abinit-full-06292026-185720/test2/single_node/n8_peak/peak_mem-r2-p871455.csv
-rw------- 1 crw405 G-819066 1.9M Jun 29 22:44 /scratch/11603/crw405/REU-HPC-Research/research_data/abinit/./abinit-full-06292026-185720/test2/single_node/n8_peak/peak_mem-r3-p871456.csv
-rw------- 1 crw405 G-819066 1.9M Jun 29 22:44 /scratch/11603/crw405/REU-HPC-Research/research_data/abinit/./abinit-full-06292026-185720/test2/single_node/n8_peak/peak_mem-r4-p871457.csv
-rw------- 1 crw405 G-819066 1.9M Jun 29 22:44 /scratch/11603/crw405/REU-HPC-Research/research_data/abinit/./abinit-full-06292026-185720/test2/single_node/n8_peak/peak_mem-r5-p871458.csv
-rw------- 1 crw405 G-819066 1.9M Jun 29 22:44 /scratch/11603/crw405/REU-HPC-Research/research_data/abinit/./abinit-full-06292026-185720/test2/single_node/n8_peak/peak_mem-r6-p871459.csv
-rw------- 1 crw405 G-819066 1.9M Jun 29 22:44 /scratch/11603/crw405/REU-HPC-Research/research_data/abinit/./abinit-full-06292026-185720/test2/single_node/n8_peak/peak_mem-r7-p871460.csv
-rw------- 1 crw405 G-819066 1.4K Jun 29 22:47 /scratch/11603/crw405/REU-HPC-Research/research_data/abinit/./abinit-full-06292026-185720/test2/single_node/n8_peak/peak_stats-p871453.csv
[n8_peak]: ======================================================================
=======================================================================
Array task 5 completed with exit code: 0
End time: Mon Jun 29 10:47:58 PM CDT 2026
=======================================================================
