=======================================================================
Array Job Start: array_N16_n768
=======================================================================
Array Job ID: 3255891
Array Task ID: 3
Job ID: 3255941
Hostname: c481-101.stampede3.tacc.utexas.edu
Start time: Mon Jun 29 02:28:03 PM CDT 2026
=======================================================================
Task 3: test1/N16_peak (peak)
-----------------------------------------------------------------------
Changing to: /scratch/11603/crw405/REU-HPC-Research/research_data/abinit/abinit-full-06292026-131404/test1/multi_node/N16_peak
Executing original job script...
-----------------------------------------------------------------------
[N16_peak]: ======================================================================
[N16_peak]: SLURM Job Start
[N16_peak]: ======================================================================
[N16_peak]: Job ID: 3255941
[N16_peak]: Configuration: N16_peak
[N16_peak]: Nodes: 16
[N16_peak]: MPI Tasks: 768
[N16_peak]: Tasks per node: 48
[N16_peak]: Test case: test1
[N16_peak]: PEAK profiling: peak
[N16_peak]: Start time: 2026-06-29 14:28:03
[N16_peak]: ======================================================================
[N16_peak]: Working directory: /scratch/11603/crw405/REU-HPC-Research/research_data/abinit/./abinit-full-06292026-131404/test1/multi_node/N16_peak
[N16_peak]: Loading modules...
[N16_peak]: Setting up library paths...
[N16_peak]: Configuring PEAK profiling...
[N16_peak]:   Target groups: BLAS,LAPACK,FFTW,PBLAS,ScaLAPACK
[N16_peak]:   Memory profiling: TRUE
[N16_peak]:   Stats output: /scratch/11603/crw405/REU-HPC-Research/research_data/abinit/./abinit-full-06292026-131404/test1/multi_node/N16_peak/peak_stats-pXXXXX.csv
[N16_peak]:   Memory output: /scratch/11603/crw405/REU-HPC-Research/research_data/abinit/./abinit-full-06292026-131404/test1/multi_node/N16_peak/peak_mem-pXXXXX.csv
[N16_peak]: ======================================================================
[N16_peak]: Starting application run...
[N16_peak]: ======================================================================
[N16_peak]: Binary: /scratch/11603/crw405/2.project/1.build_scripts/2.apps/abinit/install/bin/abinit
[N16_peak]: Input: /scratch/11603/crw405/2.project/1.build_scripts/2.apps/abinit/abinit-10.4.7/tests/v1/Input/t05.abi
[N16_peak]: ======================================================================
[N16_peak]: Run completed
[N16_peak]: ======================================================================
[N16_peak]: Exit code: 0
[N16_peak]: End time: 2026-06-29 14:28:06
[N16_peak]: Elapsed time: 3 seconds (0h 0m 3s)
[N16_peak]: ======================================================================
[N16_peak]: Output files:
[N16_peak]:   Standard output: /scratch/11603/crw405/REU-HPC-Research/research_data/abinit/./abinit-full-06292026-131404/test1/multi_node/N16_peak/abinit.stdout
[N16_peak]:   Standard error: /scratch/11603/crw405/REU-HPC-Research/research_data/abinit/./abinit-full-06292026-131404/test1/multi_node/N16_peak/abinit.stderr
[N16_peak]:   PEAK outputs:
[N16_peak]:     No PEAK files found
[N16_peak]: ======================================================================
