=======================================================================
Array Job Start: array_N1_n8
=======================================================================
Array Job ID: 3255842
Array Task ID: 2
Job ID: 3255853
Hostname: c484-022.stampede3.tacc.utexas.edu
Start time: Mon Jun 29 02:07:34 PM CDT 2026
=======================================================================
Task 2: test1/n8_ (nopeak)
-----------------------------------------------------------------------
Changing to: /scratch/11603/crw405/REU-HPC-Research/research_data/abinit/abinit-full-06292026-131404/test1/single_node/n8_
Executing original job script...
-----------------------------------------------------------------------
[n8_]: ======================================================================
[n8_]: SLURM Job Start
[n8_]: ======================================================================
[n8_]: Job ID: 3255853
[n8_]: Configuration: n8_
[n8_]: Nodes: 1
[n8_]: MPI Tasks: 8
[n8_]: Tasks per node: 8
[n8_]: Test case: test1
[n8_]: PEAK profiling: nopeak
[n8_]: Start time: 2026-06-29 14:07:34
[n8_]: ======================================================================
[n8_]: Working directory: /scratch/11603/crw405/REU-HPC-Research/research_data/abinit/./abinit-full-06292026-131404/test1/single_node/n8_
[n8_]: Loading modules...
[n8_]: Setting up library paths...
[n8_]: ======================================================================
[n8_]: Starting application run...
[n8_]: ======================================================================
[n8_]: Binary: /scratch/11603/crw405/2.project/1.build_scripts/2.apps/abinit/install/bin/abinit
[n8_]: Input: /scratch/11603/crw405/2.project/1.build_scripts/2.apps/abinit/abinit-10.4.7/tests/v1/Input/t05.abi
[n8_]: ======================================================================
[n8_]: Run completed
[n8_]: ======================================================================
[n8_]: Exit code: 0
[n8_]: End time: 2026-06-29 14:07:37
[n8_]: Elapsed time: 3 seconds (0h 0m 3s)
[n8_]: ======================================================================
[n8_]: Output files:
[n8_]:   Standard output: /scratch/11603/crw405/REU-HPC-Research/research_data/abinit/./abinit-full-06292026-131404/test1/single_node/n8_/abinit.stdout
[n8_]:   Standard error: /scratch/11603/crw405/REU-HPC-Research/research_data/abinit/./abinit-full-06292026-131404/test1/single_node/n8_/abinit.stderr
[n8_]: ======================================================================
