=======================================================================
Array Job Start: array_N8_n384
=======================================================================
Array Job ID: 3255685
Array Task ID: 7
Job ID: 3255737
Hostname: c498-041.stampede3.tacc.utexas.edu
Start time: Mon Jun 29 01:26:34 PM CDT 2026
=======================================================================
Task 7: test3/N8_peak (peak)
-----------------------------------------------------------------------
Changing to: /scratch/11603/crw405/REU-HPC-Research/research_data/abinit/abinit-full-06292026-131404/test3/multi_node/N8_peak
Executing original job script...
-----------------------------------------------------------------------
[N8_peak]: ======================================================================
[N8_peak]: SLURM Job Start
[N8_peak]: ======================================================================
[N8_peak]: Job ID: 3255737
[N8_peak]: Configuration: N8_peak
[N8_peak]: Nodes: 8
[N8_peak]: MPI Tasks: 384
[N8_peak]: Tasks per node: 48
[N8_peak]: Test case: test3
[N8_peak]: PEAK profiling: peak
[N8_peak]: Start time: 2026-06-29 13:26:34
[N8_peak]: ======================================================================
[N8_peak]: Working directory: /scratch/11603/crw405/REU-HPC-Research/research_data/abinit/./abinit-full-06292026-131404/test3/multi_node/N8_peak
[N8_peak]: Loading modules...
[N8_peak]: Setting up library paths...
[N8_peak]: Configuring PEAK profiling...
[N8_peak]:   Target groups: BLAS,LAPACK,FFTW,PBLAS,ScaLAPACK
[N8_peak]:   Memory profiling: TRUE
[N8_peak]:   Stats output: /scratch/11603/crw405/REU-HPC-Research/research_data/abinit/./abinit-full-06292026-131404/test3/multi_node/N8_peak/peak_stats-pXXXXX.csv
[N8_peak]:   Memory output: /scratch/11603/crw405/REU-HPC-Research/research_data/abinit/./abinit-full-06292026-131404/test3/multi_node/N8_peak/peak_mem-pXXXXX.csv
[N8_peak]: ======================================================================
[N8_peak]: Starting application run...
[N8_peak]: ======================================================================
[N8_peak]: Binary: /scratch/11603/crw405/2.project/1.build_scripts/2.apps/abinit/install/bin/abinit
[N8_peak]: Input: /scratch/11603/crw405/2.project/1.build_scripts/2.apps/abinit/abinit-10.4.7/tests/v1/Input/t03.abi
[N8_peak]: ======================================================================
[N8_peak]: Run completed
[N8_peak]: ======================================================================
[N8_peak]: Exit code: 0
[N8_peak]: End time: 2026-06-29 13:26:37
[N8_peak]: Elapsed time: 3 seconds (0h 0m 3s)
[N8_peak]: ======================================================================
[N8_peak]: Output files:
[N8_peak]:   Standard output: /scratch/11603/crw405/REU-HPC-Research/research_data/abinit/./abinit-full-06292026-131404/test3/multi_node/N8_peak/abinit.stdout
[N8_peak]:   Standard error: /scratch/11603/crw405/REU-HPC-Research/research_data/abinit/./abinit-full-06292026-131404/test3/multi_node/N8_peak/abinit.stderr
[N8_peak]:   PEAK outputs:
[N8_peak]:     No PEAK files found
[N8_peak]: ======================================================================
