=======================================================================
Array Job Start: array_N2_n96
=======================================================================
Array Job ID: 3255784
Array Task ID: 8
Job ID: 3255840
Hostname: c502-073.stampede3.tacc.utexas.edu
Start time: Mon Jun 29 02:02:23 PM CDT 2026
=======================================================================
Task 8: test4/N2_ (nopeak)
-----------------------------------------------------------------------
Changing to: /scratch/11603/crw405/REU-HPC-Research/research_data/abinit/abinit-full-06292026-131404/test4/multi_node/N2_
Executing original job script...
-----------------------------------------------------------------------
[N2_]: ======================================================================
[N2_]: SLURM Job Start
[N2_]: ======================================================================
[N2_]: Job ID: 3255840
[N2_]: Configuration: N2_
[N2_]: Nodes: 2
[N2_]: MPI Tasks: 96
[N2_]: Tasks per node: 48
[N2_]: Test case: test4
[N2_]: PEAK profiling: nopeak
[N2_]: Start time: 2026-06-29 14:02:23
[N2_]: ======================================================================
[N2_]: Working directory: /scratch/11603/crw405/REU-HPC-Research/research_data/abinit/./abinit-full-06292026-131404/test4/multi_node/N2_
[N2_]: Loading modules...
[N2_]: Setting up library paths...
[N2_]: ======================================================================
[N2_]: Starting application run...
[N2_]: ======================================================================
[N2_]: Binary: /scratch/11603/crw405/2.project/1.build_scripts/2.apps/abinit/install/bin/abinit
[N2_]: Input: /scratch/11603/crw405/2.project/1.build_scripts/2.apps/abinit/abinit-10.4.7/tests/v1/Input/t04.abi
[N2_]: ======================================================================
[N2_]: Run completed
[N2_]: ======================================================================
[N2_]: Exit code: 0
[N2_]: End time: 2026-06-29 14:02:26
[N2_]: Elapsed time: 3 seconds (0h 0m 3s)
[N2_]: ======================================================================
[N2_]: Output files:
[N2_]:   Standard output: /scratch/11603/crw405/REU-HPC-Research/research_data/abinit/./abinit-full-06292026-131404/test4/multi_node/N2_/abinit.stdout
[N2_]:   Standard error: /scratch/11603/crw405/REU-HPC-Research/research_data/abinit/./abinit-full-06292026-131404/test4/multi_node/N2_/abinit.stderr
[N2_]: ======================================================================
