=======================================================================
Array Job Start: array_N4_n192
=======================================================================
Array Job ID: 3255745
Array Task ID: 0
Job ID: 3255765
Hostname: c482-113.stampede3.tacc.utexas.edu
Start time: Mon Jun 29 01:36:47 PM CDT 2026
=======================================================================
Task 0: test0/N4_ (nopeak)
-----------------------------------------------------------------------
Changing to: /scratch/11603/crw405/REU-HPC-Research/research_data/abinit/abinit-full-06292026-131404/test0/multi_node/N4_
Executing original job script...
-----------------------------------------------------------------------
[N4_]: ======================================================================
[N4_]: SLURM Job Start
[N4_]: ======================================================================
[N4_]: Job ID: 3255765
[N4_]: Configuration: N4_
[N4_]: Nodes: 4
[N4_]: MPI Tasks: 192
[N4_]: Tasks per node: 48
[N4_]: Test case: test0
[N4_]: PEAK profiling: nopeak
[N4_]: Start time: 2026-06-29 13:36:47
[N4_]: ======================================================================
[N4_]: Working directory: /scratch/11603/crw405/REU-HPC-Research/research_data/abinit/./abinit-full-06292026-131404/test0/multi_node/N4_
[N4_]: Loading modules...
[N4_]: Setting up library paths...
[N4_]: ======================================================================
[N4_]: Starting application run...
[N4_]: ======================================================================
[N4_]: Binary: /scratch/11603/crw405/2.project/1.build_scripts/2.apps/abinit/install/bin/abinit
[N4_]: Input: /scratch/11603/crw405/2.project/1.build_scripts/2.apps/abinit/abinit-10.4.7/tests/v1/Input/t00.abi
[N4_]: ======================================================================
[N4_]: Run completed
[N4_]: ======================================================================
[N4_]: Exit code: 0
[N4_]: End time: 2026-06-29 13:36:50
[N4_]: Elapsed time: 3 seconds (0h 0m 3s)
[N4_]: ======================================================================
[N4_]: Output files:
[N4_]:   Standard output: /scratch/11603/crw405/REU-HPC-Research/research_data/abinit/./abinit-full-06292026-131404/test0/multi_node/N4_/abinit.stdout
[N4_]:   Standard error: /scratch/11603/crw405/REU-HPC-Research/research_data/abinit/./abinit-full-06292026-131404/test0/multi_node/N4_/abinit.stderr
[N4_]: ======================================================================
