=======================================================================
Array Job Start: array_N4_n192
=======================================================================
Array Job ID: 3255745
Array Task ID: 3
Job ID: 3255768
Hostname: c490-072.stampede3.tacc.utexas.edu
Start time: Mon Jun 29 01:36:47 PM CDT 2026
=======================================================================
Task 3: test1/N4_peak (peak)
-----------------------------------------------------------------------
Changing to: /scratch/11603/crw405/REU-HPC-Research/research_data/abinit/abinit-full-06292026-131404/test1/multi_node/N4_peak
Executing original job script...
-----------------------------------------------------------------------
[N4_peak]: ======================================================================
[N4_peak]: SLURM Job Start
[N4_peak]: ======================================================================
[N4_peak]: Job ID: 3255768
[N4_peak]: Configuration: N4_peak
[N4_peak]: Nodes: 4
[N4_peak]: MPI Tasks: 192
[N4_peak]: Tasks per node: 48
[N4_peak]: Test case: test1
[N4_peak]: PEAK profiling: peak
[N4_peak]: Start time: 2026-06-29 13:36:47
[N4_peak]: ======================================================================
[N4_peak]: Working directory: /scratch/11603/crw405/REU-HPC-Research/research_data/abinit/./abinit-full-06292026-131404/test1/multi_node/N4_peak
[N4_peak]: Loading modules...
[N4_peak]: Setting up library paths...
[N4_peak]: Configuring PEAK profiling...
[N4_peak]:   Target groups: BLAS,LAPACK,FFTW,PBLAS,ScaLAPACK
[N4_peak]:   Memory profiling: TRUE
[N4_peak]:   Stats output: /scratch/11603/crw405/REU-HPC-Research/research_data/abinit/./abinit-full-06292026-131404/test1/multi_node/N4_peak/peak_stats-pXXXXX.csv
[N4_peak]:   Memory output: /scratch/11603/crw405/REU-HPC-Research/research_data/abinit/./abinit-full-06292026-131404/test1/multi_node/N4_peak/peak_mem-pXXXXX.csv
[N4_peak]: ======================================================================
[N4_peak]: Starting application run...
[N4_peak]: ======================================================================
[N4_peak]: Binary: /scratch/11603/crw405/2.project/1.build_scripts/2.apps/abinit/install/bin/abinit
[N4_peak]: Input: /scratch/11603/crw405/2.project/1.build_scripts/2.apps/abinit/abinit-10.4.7/tests/v1/Input/t05.abi
[N4_peak]: ======================================================================
[N4_peak]: Run completed
[N4_peak]: ======================================================================
[N4_peak]: Exit code: 0
[N4_peak]: End time: 2026-06-29 13:36:50
[N4_peak]: Elapsed time: 3 seconds (0h 0m 3s)
[N4_peak]: ======================================================================
[N4_peak]: Output files:
[N4_peak]:   Standard output: /scratch/11603/crw405/REU-HPC-Research/research_data/abinit/./abinit-full-06292026-131404/test1/multi_node/N4_peak/abinit.stdout
[N4_peak]:   Standard error: /scratch/11603/crw405/REU-HPC-Research/research_data/abinit/./abinit-full-06292026-131404/test1/multi_node/N4_peak/abinit.stderr
[N4_peak]:   PEAK outputs:
[N4_peak]:     No PEAK files found
[N4_peak]: ======================================================================
