=======================================================================
Array Job Start: array_N16_n768
=======================================================================
Array Job ID: 3255891
Array Task ID: 8
Job ID: 3256025
Hostname: c476-001.stampede3.tacc.utexas.edu
Start time: Mon Jun 29 02:38:20 PM CDT 2026
=======================================================================
Task 8: test4/N16_ (nopeak)
-----------------------------------------------------------------------
Changing to: /scratch/11603/crw405/REU-HPC-Research/research_data/abinit/abinit-full-06292026-131404/test4/multi_node/N16_
Executing original job script...
-----------------------------------------------------------------------
[N16_]: ======================================================================
[N16_]: SLURM Job Start
[N16_]: ======================================================================
[N16_]: Job ID: 3256025
[N16_]: Configuration: N16_
[N16_]: Nodes: 16
[N16_]: MPI Tasks: 768
[N16_]: Tasks per node: 48
[N16_]: Test case: test4
[N16_]: PEAK profiling: nopeak
[N16_]: Start time: 2026-06-29 14:38:20
[N16_]: ======================================================================
[N16_]: Working directory: /scratch/11603/crw405/REU-HPC-Research/research_data/abinit/./abinit-full-06292026-131404/test4/multi_node/N16_
[N16_]: Loading modules...
[N16_]: Setting up library paths...
[N16_]: ======================================================================
[N16_]: Starting application run...
[N16_]: ======================================================================
[N16_]: Binary: /scratch/11603/crw405/2.project/1.build_scripts/2.apps/abinit/install/bin/abinit
[N16_]: Input: /scratch/11603/crw405/2.project/1.build_scripts/2.apps/abinit/abinit-10.4.7/tests/v1/Input/t04.abi
[N16_]: ======================================================================
[N16_]: Run completed
[N16_]: ======================================================================
[N16_]: Exit code: 0
[N16_]: End time: 2026-06-29 14:38:23
[N16_]: Elapsed time: 3 seconds (0h 0m 3s)
[N16_]: ======================================================================
[N16_]: Output files:
[N16_]:   Standard output: /scratch/11603/crw405/REU-HPC-Research/research_data/abinit/./abinit-full-06292026-131404/test4/multi_node/N16_/abinit.stdout
[N16_]:   Standard error: /scratch/11603/crw405/REU-HPC-Research/research_data/abinit/./abinit-full-06292026-131404/test4/multi_node/N16_/abinit.stderr
[N16_]: ======================================================================
