=======================================================================
Array Job Start: array_N8_n384
=======================================================================
Array Job ID: 3255685
Array Task ID: 4
Job ID: 3255734
Hostname: c481-021.stampede3.tacc.utexas.edu
Start time: Mon Jun 29 01:26:34 PM CDT 2026
=======================================================================
Task 4: test2/N8_ (nopeak)
-----------------------------------------------------------------------
Changing to: /scratch/11603/crw405/REU-HPC-Research/research_data/abinit/abinit-full-06292026-131404/test2/multi_node/N8_
Executing original job script...
-----------------------------------------------------------------------
[N8_]: ======================================================================
[N8_]: SLURM Job Start
[N8_]: ======================================================================
[N8_]: Job ID: 3255734
[N8_]: Configuration: N8_
[N8_]: Nodes: 8
[N8_]: MPI Tasks: 384
[N8_]: Tasks per node: 48
[N8_]: Test case: test2
[N8_]: PEAK profiling: nopeak
[N8_]: Start time: 2026-06-29 13:26:34
[N8_]: ======================================================================
[N8_]: Working directory: /scratch/11603/crw405/REU-HPC-Research/research_data/abinit/./abinit-full-06292026-131404/test2/multi_node/N8_
[N8_]: Loading modules...
[N8_]: Setting up library paths...
[N8_]: ======================================================================
[N8_]: Starting application run...
[N8_]: ======================================================================
[N8_]: Binary: /scratch/11603/crw405/2.project/1.build_scripts/2.apps/abinit/install/bin/abinit
[N8_]: Input: /scratch/11603/crw405/2.project/1.build_scripts/2.apps/abinit/abinit-10.4.7/tests/v1/Input/t02.abi
[N8_]: ======================================================================
[N8_]: Run completed
[N8_]: ======================================================================
[N8_]: Exit code: 0
[N8_]: End time: 2026-06-29 13:26:37
[N8_]: Elapsed time: 3 seconds (0h 0m 3s)
[N8_]: ======================================================================
[N8_]: Output files:
[N8_]:   Standard output: /scratch/11603/crw405/REU-HPC-Research/research_data/abinit/./abinit-full-06292026-131404/test2/multi_node/N8_/abinit.stdout
[N8_]:   Standard error: /scratch/11603/crw405/REU-HPC-Research/research_data/abinit/./abinit-full-06292026-131404/test2/multi_node/N8_/abinit.stderr
[N8_]: ======================================================================
