=======================================================================
Array Job Start: array_N1_n8
=======================================================================
Array Job ID: 3255842
Array Task ID: 1
Job ID: 3255852
Hostname: c482-074.stampede3.tacc.utexas.edu
Start time: Mon Jun 29 02:07:34 PM CDT 2026
=======================================================================
Task 1: test0/n8_peak (peak)
-----------------------------------------------------------------------
Changing to: /scratch/11603/crw405/REU-HPC-Research/research_data/abinit/abinit-full-06292026-131404/test0/single_node/n8_peak
Executing original job script...
-----------------------------------------------------------------------
[n8_peak]: ======================================================================
[n8_peak]: SLURM Job Start
[n8_peak]: ======================================================================
[n8_peak]: Job ID: 3255852
[n8_peak]: Configuration: n8_peak
[n8_peak]: Nodes: 1
[n8_peak]: MPI Tasks: 8
[n8_peak]: Tasks per node: 8
[n8_peak]: Test case: test0
[n8_peak]: PEAK profiling: peak
[n8_peak]: Start time: 2026-06-29 14:07:34
[n8_peak]: ======================================================================
[n8_peak]: Working directory: /scratch/11603/crw405/REU-HPC-Research/research_data/abinit/./abinit-full-06292026-131404/test0/single_node/n8_peak
[n8_peak]: Loading modules...
[n8_peak]: Setting up library paths...
[n8_peak]: Configuring PEAK profiling...
[n8_peak]:   Target groups: BLAS,LAPACK,FFTW,PBLAS,ScaLAPACK
[n8_peak]:   Memory profiling: TRUE
[n8_peak]:   Stats output: /scratch/11603/crw405/REU-HPC-Research/research_data/abinit/./abinit-full-06292026-131404/test0/single_node/n8_peak/peak_stats-pXXXXX.csv
[n8_peak]:   Memory output: /scratch/11603/crw405/REU-HPC-Research/research_data/abinit/./abinit-full-06292026-131404/test0/single_node/n8_peak/peak_mem-pXXXXX.csv
[n8_peak]: ======================================================================
[n8_peak]: Starting application run...
[n8_peak]: ======================================================================
[n8_peak]: Binary: /scratch/11603/crw405/2.project/1.build_scripts/2.apps/abinit/install/bin/abinit
[n8_peak]: Input: /scratch/11603/crw405/2.project/1.build_scripts/2.apps/abinit/abinit-10.4.7/tests/v1/Input/t00.abi
[n8_peak]: ======================================================================
[n8_peak]: Run completed
[n8_peak]: ======================================================================
[n8_peak]: Exit code: 0
[n8_peak]: End time: 2026-06-29 14:07:37
[n8_peak]: Elapsed time: 3 seconds (0h 0m 3s)
[n8_peak]: ======================================================================
[n8_peak]: Output files:
[n8_peak]:   Standard output: /scratch/11603/crw405/REU-HPC-Research/research_data/abinit/./abinit-full-06292026-131404/test0/single_node/n8_peak/abinit.stdout
[n8_peak]:   Standard error: /scratch/11603/crw405/REU-HPC-Research/research_data/abinit/./abinit-full-06292026-131404/test0/single_node/n8_peak/abinit.stderr
[n8_peak]:   PEAK outputs:
[n8_peak]:     No PEAK files found
[n8_peak]: ======================================================================
