=======================================================================
Array Job Start: array_N2_n96
=======================================================================
Array Job ID: 3255784
Array Task ID: 3
Job ID: 3255795
Hostname: c481-021.stampede3.tacc.utexas.edu
Start time: Mon Jun 29 01:47:02 PM CDT 2026
=======================================================================
Task 3: test1/N2_peak (peak)
-----------------------------------------------------------------------
Changing to: /scratch/11603/crw405/REU-HPC-Research/research_data/abinit/abinit-full-06292026-131404/test1/multi_node/N2_peak
Executing original job script...
-----------------------------------------------------------------------
[N2_peak]: ======================================================================
[N2_peak]: SLURM Job Start
[N2_peak]: ======================================================================
[N2_peak]: Job ID: 3255795
[N2_peak]: Configuration: N2_peak
[N2_peak]: Nodes: 2
[N2_peak]: MPI Tasks: 96
[N2_peak]: Tasks per node: 48
[N2_peak]: Test case: test1
[N2_peak]: PEAK profiling: peak
[N2_peak]: Start time: 2026-06-29 13:47:02
[N2_peak]: ======================================================================
[N2_peak]: Working directory: /scratch/11603/crw405/REU-HPC-Research/research_data/abinit/./abinit-full-06292026-131404/test1/multi_node/N2_peak
[N2_peak]: Loading modules...
[N2_peak]: Setting up library paths...
[N2_peak]: Configuring PEAK profiling...
[N2_peak]:   Target groups: BLAS,LAPACK,FFTW,PBLAS,ScaLAPACK
[N2_peak]:   Memory profiling: TRUE
[N2_peak]:   Stats output: /scratch/11603/crw405/REU-HPC-Research/research_data/abinit/./abinit-full-06292026-131404/test1/multi_node/N2_peak/peak_stats-pXXXXX.csv
[N2_peak]:   Memory output: /scratch/11603/crw405/REU-HPC-Research/research_data/abinit/./abinit-full-06292026-131404/test1/multi_node/N2_peak/peak_mem-pXXXXX.csv
[N2_peak]: ======================================================================
[N2_peak]: Starting application run...
[N2_peak]: ======================================================================
[N2_peak]: Binary: /scratch/11603/crw405/2.project/1.build_scripts/2.apps/abinit/install/bin/abinit
[N2_peak]: Input: /scratch/11603/crw405/2.project/1.build_scripts/2.apps/abinit/abinit-10.4.7/tests/v1/Input/t05.abi
[N2_peak]: ======================================================================
[N2_peak]: Run completed
[N2_peak]: ======================================================================
[N2_peak]: Exit code: 0
[N2_peak]: End time: 2026-06-29 13:47:05
[N2_peak]: Elapsed time: 3 seconds (0h 0m 3s)
[N2_peak]: ======================================================================
[N2_peak]: Output files:
[N2_peak]:   Standard output: /scratch/11603/crw405/REU-HPC-Research/research_data/abinit/./abinit-full-06292026-131404/test1/multi_node/N2_peak/abinit.stdout
[N2_peak]:   Standard error: /scratch/11603/crw405/REU-HPC-Research/research_data/abinit/./abinit-full-06292026-131404/test1/multi_node/N2_peak/abinit.stderr
[N2_peak]:   PEAK outputs:
[N2_peak]:     No PEAK files found
[N2_peak]: ======================================================================
